#
# There is insufficient memory for the Java Runtime Environment to continue.
# Native memory allocation (malloc) failed to allocate 1048576 bytes for AllocateHeap
# Possible reasons:
#   The system is out of physical RAM or swap space
#   In 32 bit mode, the process size limit was hit
# Possible solutions:
#   Reduce memory load on the system
#   Increase physical memory or swap space
#   Check if swap backing store is full
#   Use 64 bit Java on a 64 bit OS
#   Decrease Java heap size (-Xmx/-Xms)
#   Decrease number of Java threads
#   Decrease Java thread stack sizes (-Xss)
#   Set larger code cache with -XX:ReservedCodeCacheSize=
# This output file may be truncated or incomplete.
#
#  Out of Memory Error (memory/allocation.inline.hpp:61), pid=7800, tid=0x000000000000425c
#
# JRE version:  (8.0_144-b01) (build )
# Java VM: Java HotSpot(TM) 64-Bit Server VM (25.144-b01 mixed mode windows-amd64 compressed oops)
# Failed to write core dump. Minidumps are not enabled by default on client versions of Windows
#

---------------  T H R E A D  ---------------

Current thread (0x00000000027f0800):  JavaThread "Unknown thread" [_thread_in_vm, id=16988, stack(0x00000000026f0000,0x00000000027f0000)]

Stack: [0x00000000026f0000,0x00000000027f0000]
[error occurred during error reporting (printing stack bounds), id 0xc0000005]

Native frames: (J=compiled Java code, j=interpreted, Vv=VM code, C=native code)


---------------  P R O C E S S  ---------------

Java Threads: ( => current thread )

Other Threads:

=>0x00000000027f0800 (exited) JavaThread "Unknown thread" [_thread_in_vm, id=16988, stack(0x00000000026f0000,0x00000000027f0000)]

VM state:not at safepoint (normal execution)

VM Mutex/Monitor currently owned by a thread: None

Heap:
 PSYoungGen      total 37888K, used 655K [0x00000000d6500000, 0x00000000d8f00000, 0x0000000100000000)
  eden space 32768K, 2% used [0x00000000d6500000,0x00000000d65a3d80,0x00000000d8500000)
  from space 5120K, 0% used [0x00000000d8a00000,0x00000000d8a00000,0x00000000d8f00000)
  to   space 5120K, 0% used [0x00000000d8500000,0x00000000d8500000,0x00000000d8a00000)
 ParOldGen       total 86016K, used 0K [0x0000000082e00000, 0x0000000088200000, 0x00000000d6500000)
  object space 86016K, 0% used [0x0000000082e00000,0x0000000082e00000,0x0000000088200000)
 Metaspace       used 746K, capacity 4480K, committed 4480K, reserved 1056768K
  class space    used 75K, capacity 384K, committed 384K, reserved 1048576K

Card table byte_map: [0x0000000011cb0000,0x00000000120a0000] byte_map_base: 0x0000000011899000

Marking Bits: (ParMarkBitMap*) 0x000000005dfdd850
 Begin Bits: [0x0000000012740000, 0x0000000014688000)
 End Bits:   [0x0000000014688000, 0x00000000165d0000)

Polling page: 0x0000000000840000

CodeCache: size=245760Kb used=328Kb max_used=328Kb free=245431Kb
 bounds [0x00000000028f0000, 0x0000000002b60000, 0x00000000118f0000]
 total_blobs=58 nmethods=0 adapters=38
 compilation: enabled

Compilation events (0 events):
No events

GC Heap History (0 events):
No events

Deoptimization events (0 events):
No events

Internal exceptions (0 events):
No events

Events (10 events):
Event: 0.018 loading class java/lang/Short
Event: 0.018 loading class java/lang/Short done
Event: 0.018 loading class java/lang/Integer
Event: 0.018 loading class java/lang/Integer done
Event: 0.018 loading class java/lang/Long
Event: 0.018 loading class java/lang/Long done
Event: 0.019 loading class java/lang/NullPointerException
Event: 0.019 loading class java/lang/NullPointerException done
Event: 0.019 loading class java/lang/ArithmeticException
Event: 0.019 loading class java/lang/ArithmeticException done


Dynamic libraries:
0x00007ff6e2330000 - 0x00007ff6e2367000 	C:\Program Files\Java\jre1.8.0_144\bin\javaw.exe
0x00007ffec42d0000 - 0x00007ffec44ab000 	C:\Windows\SYSTEM32\ntdll.dll
0x00007ffec1830000 - 0x00007ffec18de000 	C:\Windows\System32\KERNEL32.DLL
0x00007ffec0b80000 - 0x00007ffec0dc9000 	C:\Windows\System32\KERNELBASE.dll
0x00007ffec3860000 - 0x00007ffec3901000 	C:\Windows\System32\ADVAPI32.dll
0x00007ffec3a10000 - 0x00007ffec3aad000 	C:\Windows\System32\msvcrt.dll
0x00007ffec21a0000 - 0x00007ffec21f9000 	C:\Windows\System32\sechost.dll
0x00007ffec2200000 - 0x00007ffec2325000 	C:\Windows\System32\RPCRT4.dll
0x00007ffec3b10000 - 0x00007ffec3c5a000 	C:\Windows\System32\USER32.dll
0x00007ffec1810000 - 0x00007ffec182e000 	C:\Windows\System32\win32u.dll
0x00007ffec3830000 - 0x00007ffec3857000 	C:\Windows\System32\GDI32.dll
0x00007ffec1530000 - 0x00007ffec16b7000 	C:\Windows\System32\gdi32full.dll
0x00007ffec09c0000 - 0x00007ffec0a5a000 	C:\Windows\System32\msvcp_win.dll
0x00007ffec1710000 - 0x00007ffec1806000 	C:\Windows\System32\ucrtbase.dll
0x00007ffeb7cb0000 - 0x00007ffeb7f17000 	C:\Windows\WinSxS\amd64_microsoft.windows.common-controls_6595b64144ccf1df_6.0.15063.483_none_26002d27e7c744a2\COMCTL32.dll
0x00007ffec1d20000 - 0x00007ffec2019000 	C:\Windows\System32\combase.dll
0x00007ffec0a60000 - 0x00007ffec0aca000 	C:\Windows\System32\bcryptPrimitives.dll
0x00007ffec3c60000 - 0x00007ffec3c8d000 	C:\Windows\System32\IMM32.DLL
0x00007ffebf610000 - 0x00007ffebf637000 	C:\AeroGlass\UxThemeSignatureBypass\UxThemeSignatureBypass64.dll
0x000000005f010000 - 0x000000005f0e2000 	C:\Program Files\Java\jre1.8.0_144\bin\msvcr100.dll
0x000000005d7c0000 - 0x000000005e05d000 	C:\Program Files\Java\jre1.8.0_144\bin\server\jvm.dll
0x00007ffec3910000 - 0x00007ffec3918000 	C:\Windows\System32\PSAPI.DLL
0x00007ffeb8240000 - 0x00007ffeb824a000 	C:\Windows\SYSTEM32\VERSION.dll
0x00007ffeb72c0000 - 0x00007ffeb72c9000 	C:\Windows\SYSTEM32\WSOCK32.dll
0x00007ffeb5940000 - 0x00007ffeb5963000 	C:\Windows\SYSTEM32\WINMM.dll
0x00007ffec3920000 - 0x00007ffec398c000 	C:\Windows\System32\WS2_32.dll
0x00007ffeb53d0000 - 0x00007ffeb53fb000 	C:\Windows\SYSTEM32\winmmbase.dll
0x00007ffec16c0000 - 0x00007ffec1709000 	C:\Windows\System32\cfgmgr32.dll
0x000000005e910000 - 0x000000005e91f000 	C:\Program Files\Java\jre1.8.0_144\bin\verify.dll
0x000000005d790000 - 0x000000005d7b9000 	C:\Program Files\Java\jre1.8.0_144\bin\java.dll
0x000000005d770000 - 0x000000005d786000 	C:\Program Files\Java\jre1.8.0_144\bin\zip.dll

VM Arguments:
jvm_args: -Dfile.encoding=UTF-8 
java_command: main.Main
java_class_path (initial): F:\BTL OOP\Git\Git\ExamManager\bin;F:\BTL OOP\QuanLyBanHang\poi-ooxml-3.17-beta1.jar
Launcher Type: SUN_STANDARD

Environment Variables:
PATH=C:/Program Files/Java/jre1.8.0_144/bin/server;C:/Program Files/Java/jre1.8.0_144/bin;C:/Program Files/Java/jre1.8.0_144/lib/amd64;C:\ProgramData\Oracle\Java\javapath;C:\Windows\system32;C:\Windows;C:\Windows\System32\Wbem;C:\Windows\System32\WindowsPowerShell\v1.0\;C:\Program Files (x86)\Microsoft SQL Server\110\Tools\Binn\;C:\Program Files\Microsoft SQL Server\110\Tools\Binn\;C:\Program Files\Microsoft SQL Server\110\DTS\Binn\;C:\Program Files (x86)\Microsoft SQL Server\110\Tools\Binn\ManagementStudio\;C:\Program Files (x86)\Microsoft Visual Studio 10.0\Common7\IDE\PrivateAssemblies\;C:\Program Files (x86)\Microsoft SQL Server\110\DTS\Binn\;C:\Program Files\MySQL\MySQL Utilities 1.6\;C:\Program Files\Git\cmd;C:\Program Files\Git\mingw64\bin;C:\Program Files\Git\usr\bin;C:\Program Files (x86)\Skype\Phone\;C:\Program Files (x86)\Microsoft SQL Server\Client SDK\ODBC\130\Tools\Binn\;C:\Program Files (x86)\Microsoft SQL Server\140\Tools\Binn\;C:\Program Files (x86)\Microsoft SQL Server\140\DTS\Binn\;C:\Program Files (x86)\Microsoft SQL Server\140\Tools\Binn\ManagementStudio\;C:\Users\Mr Thanh\AppData\Local\Microsoft\WindowsApps;C:\Users\Mr Thanh\AppData\Local\GitHubDesktop\bin;D:\eclipse;
USERNAME=Mr Thanh
OS=Windows_NT
PROCESSOR_IDENTIFIER=Intel64 Family 6 Model 142 Stepping 9, GenuineIntel



---------------  S Y S T E M  ---------------

OS: Windows 10.0 , 64 bit Build 15063 (10.0.15063.296)

CPU:total 4 (initial active 4) (2 cores per cpu, 2 threads per core) family 6 model 142 stepping 9, cmov, cx8, fxsr, mmx, sse, sse2, sse3, ssse3, sse4.1, sse4.2, popcnt, avx, avx2, aes, clmul, erms, 3dnowpref, lzcnt, ht, tsc, tscinvbit, bmi1, bmi2, adx

Memory: 4k page, physical 8198164k(1766552k free), swap 22786448k(6000k free)

vm_info: Java HotSpot(TM) 64-Bit Server VM (25.144-b01) for windows-amd64 JRE (1.8.0_144-b01), built on Jul 21 2017 21:57:33 by "java_re" with MS VC++ 10.0 (VS2010)

time: Sun Nov 12 13:30:24 2017
elapsed time: 0 seconds (0d 0h 0m 0s)

